2020-06-29T10:27:50.875Z - normal: Load ~/.CocosCreator/settings.json
2020-06-29T10:27:50.934Z - normal: Initializing Asset Database
2020-06-29T10:27:50.938Z - normal: checking language setting...
2020-06-29T10:27:50.938Z - normal: Language: en
2020-06-29T10:27:51.578Z - success: preview server running at http://localhost:7456
2020-06-29T10:27:51.615Z - success: protocol editor-framework registered
2020-06-29T10:27:51.615Z - success: protocol app registered
2020-06-29T10:27:51.615Z - success: protocol theme registered
2020-06-29T10:27:51.615Z - success: protocol packages registered
2020-06-29T10:27:51.615Z - success: protocol uuid registerred
2020-06-29T10:27:51.616Z - success: protocol db registerred
2020-06-29T10:27:51.616Z - success: protocol thumbnail registerred
2020-06-29T10:27:51.616Z - success: protocol unpack registerred
2020-06-29T10:27:51.616Z - success: protocol disable-commonjs registerred
2020-06-29T10:27:51.808Z - normal: connected!
2020-06-29T10:27:51.809Z - normal: Check project /Users/peichieh/Desktop/CS/SS/FinalProject/0629_3/lazy_office
2020-06-29T10:27:51.810Z - normal: Initializing project /Users/peichieh/Desktop/CS/SS/FinalProject/0629_3/lazy_office
2020-06-29T10:27:51.936Z - success: adapters loaded
2020-06-29T10:27:52.012Z - success: asset-db-debugger loaded
2020-06-29T10:27:52.120Z - success: fb-audience-network loaded
2020-06-29T10:27:52.169Z - success: fb-live-stream loaded
2020-06-29T10:27:52.173Z - success: google-play-instant loaded
2020-06-29T10:27:52.178Z - success: huawei-runtime loaded
2020-06-29T10:27:52.180Z - success: jkw-adapter loaded
2020-06-29T10:27:52.181Z - success: jsb-adapter loaded
2020-06-29T10:27:52.190Z - success: oppo-runtime loaded
2020-06-29T10:27:52.212Z - success: package-manager loaded
2020-06-29T10:27:52.213Z - success: qtt-adapter loaded
2020-06-29T10:27:52.216Z - success: runtime-dev-tools loaded
2020-06-29T10:27:52.244Z - success: sdkbox loaded
2020-06-29T10:27:52.267Z - success: ui-kit-preview-extra loaded
2020-06-29T10:27:52.291Z - success: ui-kit-preview loaded
2020-06-29T10:27:52.299Z - success: vivo-runtime loaded
2020-06-29T10:27:52.307Z - success: alipay-minigame loaded
2020-06-29T10:27:52.424Z - success: assets loaded
2020-06-29T10:27:52.430Z - success: baidugame-opendata loaded
2020-06-29T10:27:52.434Z - success: baidugame loaded
2020-06-29T10:27:52.463Z - success: builder loaded
2020-06-29T10:27:52.717Z - success: cocos-services loaded
2020-06-29T10:27:52.740Z - success: console loaded
2020-06-29T10:27:52.751Z - success: fb-instant-games loaded
2020-06-29T10:27:52.767Z - success: game-window loaded
2020-06-29T10:27:52.769Z - success: google-instant-games loaded
2020-06-29T10:27:52.788Z - success: hierarchy loaded
2020-06-29T10:27:52.804Z - success: inspector loaded
2020-06-29T10:27:53.216Z - success: cpk-publish loaded
2020-06-29T10:27:53.227Z - success: keystore loaded
2020-06-29T10:27:53.246Z - success: node-library loaded
2020-06-29T10:27:53.247Z - success: open-recent-items loaded
2020-06-29T10:27:53.248Z - success: package-asset loaded
2020-06-29T10:27:53.250Z - success: preferences loaded
2020-06-29T10:27:53.276Z - success: project-exporter loaded
2020-06-29T10:27:53.297Z - success: project-importer loaded
2020-06-29T10:27:53.318Z - success: project-settings loaded
2020-06-29T10:27:53.336Z - success: qtt-runtime loaded
2020-06-29T10:27:53.357Z - success: scene loaded
2020-06-29T10:27:53.359Z - success: simulator-debugger loaded
2020-06-29T10:27:53.359Z - success: sprite-editor loaded
2020-06-29T10:27:53.377Z - success: store loaded
2020-06-29T10:27:53.395Z - success: timeline loaded
2020-06-29T10:27:53.398Z - success: wechatgame-opendata loaded
2020-06-29T10:27:53.403Z - success: wechatgame loaded
2020-06-29T10:27:53.408Z - success: xiaomi-runtime loaded
2020-06-29T10:27:54.683Z - normal: Initializing Cocos2d
2020-06-29T10:27:55.208Z - normal: Initializing engine extends
2020-06-29T10:27:55.589Z - info: Cocos Service load base data!
2020-06-29T10:28:13.028Z - normal: Loading packages
2020-06-29T10:28:13.036Z - normal: Watching packages
2020-06-29T10:28:13.157Z - normal: Run Application
2020-06-29T11:06:27.611Z - normal: Start building with options : {
  "actualPlatform": "web-desktop",
  "android": {
    "packageName": ""
  },
  "android-instant": {
    "REMOTE_SERVER_ROOT": "",
    "host": "",
    "packageName": "",
    "pathPattern": "",
    "recordPath": "",
    "scheme": "https",
    "skipRecord": false
  },
  "apiLevel": "",
  "appABIs": [],
  "appBundle": false,
  "buildPath": "/Users/peichieh/Desktop/CS/SS/FinalProject/0629_3/lazy_office/build",
  "debug": false,
  "dest": "/Users/peichieh/Desktop/CS/SS/FinalProject/0629_3/lazy_office/build/web-desktop",
  "embedWebDebugger": false,
  "encryptJs": true,
  "excludeScenes": [],
  "excludedModules": [],
  "fb-instant-games": {},
  "includeSDKBox": false,
  "inlineSpriteFrames": true,
  "inlineSpriteFrames_native": true,
  "ios": {
    "packageName": ""
  },
  "mac": {
    "packageName": ""
  },
  "md5Cache": false,
  "mergeStartScene": false,
  "optimizeHotUpdate": false,
  "orientation": {
    "landscapeLeft": true,
    "landscapeRight": true,
    "portrait": false,
    "upsideDown": false
  },
  "packageName": "",
  "platform": "web-desktop",
  "previewHeight": 640,
  "previewWidth": 960,
  "scenes": [
    "3228a50b-6818-40e8-abfd-86827ab0341a",
    "5f39afe4-4330-48e6-b693-28769afab8f4",
    "df3e48ad-7d11-43ba-9da2-469ec44d15f3",
    "f08f6659-ce0f-43fc-8f2b-aa70c2ca549a",
    "6129c04b-d2b4-4206-888d-e93633a75436",
    "e3279811-f88b-4c91-b939-6bae81f85c12",
    "a27a112a-b141-46e2-957c-18cfadb5ce17",
    "3c8476b5-7f2b-4af6-824f-b8a4db8d6e21"
  ],
  "sourceMaps": false,
  "startScene": "3228a50b-6818-40e8-abfd-86827ab0341a",
  "template": "link",
  "title": "final_project",
  "useDebugKeystore": true,
  "vsVersion": "auto",
  "webOrientation": "auto",
  "win32": {},
  "xxteaKey": "b03cf4f4-1e47-4b",
  "zipCompressJs": true,
  "project": "/Users/peichieh/Desktop/CS/SS/FinalProject/0629_3/lazy_office",
  "projectName": "final_project",
  "debugBuildWorker": false
}
2020-06-29T11:06:27.615Z - normal: Building /Users/peichieh/Desktop/CS/SS/FinalProject/0629_3/lazy_office
2020-06-29T11:06:27.615Z - normal: Destination /Users/peichieh/Desktop/CS/SS/FinalProject/0629_3/lazy_office/build/web-desktop
2020-06-29T11:06:27.702Z - normal: Delete /Users/peichieh/Desktop/CS/SS/FinalProject/0629_3/lazy_office/build/web-desktop/subpackages/**/*,/Users/peichieh/Desktop/CS/SS/FinalProject/0629_3/lazy_office/build/web-desktop/**/*
2020-06-29T11:06:50.313Z - normal: Start building assets
2020-06-29T11:06:50.314Z - normal: Start spawn build-worker
2020-06-29T11:06:54.038Z - normal: Finish spawn build-worker
2020-06-29T11:06:54.039Z - normal: Start init build-worker
2020-06-29T11:07:04.069Z - normal: Finish init build-worker
2020-06-29T11:07:04.070Z - normal: Start build-assets in worker
2020-06-29T11:07:05.166Z - warn: The referenced asset used in "db://assets/scene/working_origin.fire" is not found, it may have been deleted. Detailed information:
Node path: "Video/video"
Used in Component: "cc.VideoPlayer"
uuid: "269a48cb-58e7-4504-b56a-2bc3ce3c63fd"
2020-06-29T11:07:05.228Z - warn: The referenced asset used in "db://assets/scene/working_origin.fire" is not found, it may have been deleted. Detailed information:
Node path: "Video/work"
Used in Component: "cc.VideoPlayer"
uuid: "73fd684d-788e-439c-9454-136c1fd9c95c"
2020-06-29T11:07:09.976Z - normal: Finish build-assets in worker
2020-06-29T11:07:09.987Z - normal: Finish building assets
2020-06-29T11:07:10.054Z - normal: Start building plugin scripts
2020-06-29T11:07:33.165Z - normal: Finish building plugin scripts
2020-06-29T11:07:33.175Z - normal: Generating main.js from /Applications/CocosCreator.app/Contents/Resources/static/build-templates/shares/main.js
2020-06-29T11:07:33.190Z - normal: Generating html from /Applications/CocosCreator.app/Contents/Resources/static/build-templates/web-desktop/template/index.html
2020-06-29T11:07:33.263Z - normal: Built to "/Users/peichieh/Desktop/CS/SS/FinalProject/0629_3/lazy_office/build/web-desktop" successfully
2020-06-29T12:23:56.131Z - normal: Start building with options : {
  "actualPlatform": "web-desktop",
  "android": {
    "packageName": ""
  },
  "android-instant": {
    "REMOTE_SERVER_ROOT": "",
    "host": "",
    "packageName": "",
    "pathPattern": "",
    "recordPath": "",
    "scheme": "https",
    "skipRecord": false
  },
  "apiLevel": "",
  "appABIs": [],
  "appBundle": false,
  "buildPath": "/Users/peichieh/Desktop/CS/SS/FinalProject/0629_3/lazy_office/build",
  "debug": false,
  "dest": "/Users/peichieh/Desktop/CS/SS/FinalProject/0629_3/lazy_office/build/web-desktop",
  "embedWebDebugger": false,
  "encryptJs": true,
  "excludeScenes": [],
  "excludedModules": [],
  "fb-instant-games": {},
  "includeSDKBox": false,
  "inlineSpriteFrames": true,
  "inlineSpriteFrames_native": true,
  "ios": {
    "packageName": ""
  },
  "mac": {
    "packageName": ""
  },
  "md5Cache": false,
  "mergeStartScene": false,
  "optimizeHotUpdate": false,
  "orientation": {
    "landscapeLeft": true,
    "landscapeRight": true,
    "portrait": false,
    "upsideDown": false
  },
  "packageName": "",
  "platform": "web-desktop",
  "previewHeight": 640,
  "previewWidth": 960,
  "scenes": [
    "3228a50b-6818-40e8-abfd-86827ab0341a",
    "5f39afe4-4330-48e6-b693-28769afab8f4",
    "df3e48ad-7d11-43ba-9da2-469ec44d15f3",
    "f08f6659-ce0f-43fc-8f2b-aa70c2ca549a",
    "6129c04b-d2b4-4206-888d-e93633a75436",
    "e3279811-f88b-4c91-b939-6bae81f85c12",
    "a27a112a-b141-46e2-957c-18cfadb5ce17",
    "3c8476b5-7f2b-4af6-824f-b8a4db8d6e21"
  ],
  "sourceMaps": false,
  "startScene": "3228a50b-6818-40e8-abfd-86827ab0341a",
  "template": "link",
  "title": "final_project",
  "useDebugKeystore": true,
  "vsVersion": "auto",
  "webOrientation": "auto",
  "win32": {},
  "xxteaKey": "b03cf4f4-1e47-4b",
  "zipCompressJs": true,
  "project": "/Users/peichieh/Desktop/CS/SS/FinalProject/0629_3/lazy_office",
  "projectName": "final_project",
  "debugBuildWorker": false
}
2020-06-29T12:23:56.131Z - normal: Building /Users/peichieh/Desktop/CS/SS/FinalProject/0629_3/lazy_office
2020-06-29T12:23:56.131Z - normal: Destination /Users/peichieh/Desktop/CS/SS/FinalProject/0629_3/lazy_office/build/web-desktop
2020-06-29T12:23:56.133Z - normal: Delete /Users/peichieh/Desktop/CS/SS/FinalProject/0629_3/lazy_office/build/web-desktop/subpackages/**/*,/Users/peichieh/Desktop/CS/SS/FinalProject/0629_3/lazy_office/build/web-desktop/**/*
2020-06-29T12:24:01.665Z - normal: Start building assets
2020-06-29T12:24:01.665Z - normal: Start spawn build-worker
2020-06-29T12:24:03.245Z - normal: Finish spawn build-worker
2020-06-29T12:24:03.245Z - normal: Start init build-worker
2020-06-29T12:24:07.438Z - normal: Finish init build-worker
2020-06-29T12:24:07.438Z - normal: Start build-assets in worker
2020-06-29T12:24:09.009Z - warn: The referenced asset used in "db://assets/scene/working_origin.fire" is not found, it may have been deleted. Detailed information:
Node path: "Video/video"
Used in Component: "cc.VideoPlayer"
uuid: "269a48cb-58e7-4504-b56a-2bc3ce3c63fd"
2020-06-29T12:24:09.069Z - warn: The referenced asset used in "db://assets/scene/working_origin.fire" is not found, it may have been deleted. Detailed information:
Node path: "Video/work"
Used in Component: "cc.VideoPlayer"
uuid: "73fd684d-788e-439c-9454-136c1fd9c95c"
2020-06-29T12:24:11.851Z - normal: Finish build-assets in worker
2020-06-29T12:24:11.854Z - normal: Finish building assets
2020-06-29T12:24:11.902Z - normal: Start building plugin scripts
2020-06-29T12:24:31.782Z - normal: Finish building plugin scripts
2020-06-29T12:24:31.814Z - normal: Generating main.js from /Applications/CocosCreator.app/Contents/Resources/static/build-templates/shares/main.js
2020-06-29T12:24:31.945Z - normal: Generating html from /Applications/CocosCreator.app/Contents/Resources/static/build-templates/web-desktop/template/index.html
2020-06-29T12:24:31.996Z - normal: Built to "/Users/peichieh/Desktop/CS/SS/FinalProject/0629_3/lazy_office/build/web-desktop" successfully
2020-06-29T12:31:50.732Z - normal: Start building with options : {
  "actualPlatform": "web-desktop",
  "android": {
    "packageName": ""
  },
  "android-instant": {
    "REMOTE_SERVER_ROOT": "",
    "host": "",
    "packageName": "",
    "pathPattern": "",
    "recordPath": "",
    "scheme": "https",
    "skipRecord": false
  },
  "apiLevel": "",
  "appABIs": [],
  "appBundle": false,
  "buildPath": "/Users/peichieh/Desktop/CS/SS/FinalProject/0629_3/lazy_office/build",
  "debug": false,
  "dest": "/Users/peichieh/Desktop/CS/SS/FinalProject/0629_3/lazy_office/build/web-desktop",
  "embedWebDebugger": false,
  "encryptJs": true,
  "excludeScenes": [],
  "excludedModules": [],
  "fb-instant-games": {},
  "includeSDKBox": false,
  "inlineSpriteFrames": true,
  "inlineSpriteFrames_native": true,
  "ios": {
    "packageName": ""
  },
  "mac": {
    "packageName": ""
  },
  "md5Cache": false,
  "mergeStartScene": false,
  "optimizeHotUpdate": false,
  "orientation": {
    "landscapeLeft": true,
    "landscapeRight": true,
    "portrait": false,
    "upsideDown": false
  },
  "packageName": "",
  "platform": "web-desktop",
  "previewHeight": 640,
  "previewWidth": 960,
  "scenes": [
    "3228a50b-6818-40e8-abfd-86827ab0341a",
    "5f39afe4-4330-48e6-b693-28769afab8f4",
    "df3e48ad-7d11-43ba-9da2-469ec44d15f3",
    "f08f6659-ce0f-43fc-8f2b-aa70c2ca549a",
    "6129c04b-d2b4-4206-888d-e93633a75436",
    "e3279811-f88b-4c91-b939-6bae81f85c12",
    "a27a112a-b141-46e2-957c-18cfadb5ce17",
    "3c8476b5-7f2b-4af6-824f-b8a4db8d6e21"
  ],
  "sourceMaps": false,
  "startScene": "3228a50b-6818-40e8-abfd-86827ab0341a",
  "template": "link",
  "title": "final_project",
  "useDebugKeystore": true,
  "vsVersion": "auto",
  "webOrientation": "auto",
  "win32": {},
  "xxteaKey": "b03cf4f4-1e47-4b",
  "zipCompressJs": true,
  "project": "/Users/peichieh/Desktop/CS/SS/FinalProject/0629_3/lazy_office",
  "projectName": "final_project",
  "debugBuildWorker": false
}
2020-06-29T12:31:50.733Z - normal: Building /Users/peichieh/Desktop/CS/SS/FinalProject/0629_3/lazy_office
2020-06-29T12:31:50.733Z - normal: Destination /Users/peichieh/Desktop/CS/SS/FinalProject/0629_3/lazy_office/build/web-desktop
2020-06-29T12:31:50.736Z - normal: Delete /Users/peichieh/Desktop/CS/SS/FinalProject/0629_3/lazy_office/build/web-desktop/subpackages/**/*,/Users/peichieh/Desktop/CS/SS/FinalProject/0629_3/lazy_office/build/web-desktop/**/*
2020-06-29T12:32:04.135Z - normal: Start building assets
2020-06-29T12:32:04.136Z - normal: Start spawn build-worker
2020-06-29T12:32:05.342Z - normal: Finish spawn build-worker
2020-06-29T12:32:05.342Z - normal: Start init build-worker
2020-06-29T12:32:09.329Z - normal: Finish init build-worker
2020-06-29T12:32:09.329Z - normal: Start build-assets in worker
2020-06-29T12:32:10.804Z - warn: The referenced asset used in "db://assets/scene/working_origin.fire" is not found, it may have been deleted. Detailed information:
Node path: "Video/video"
Used in Component: "cc.VideoPlayer"
uuid: "269a48cb-58e7-4504-b56a-2bc3ce3c63fd"
2020-06-29T12:32:10.855Z - warn: The referenced asset used in "db://assets/scene/working_origin.fire" is not found, it may have been deleted. Detailed information:
Node path: "Video/work"
Used in Component: "cc.VideoPlayer"
uuid: "73fd684d-788e-439c-9454-136c1fd9c95c"
2020-06-29T12:32:14.415Z - normal: Finish build-assets in worker
2020-06-29T12:32:14.420Z - normal: Finish building assets
2020-06-29T12:32:14.468Z - normal: Start building plugin scripts
2020-06-29T12:32:32.217Z - normal: Finish building plugin scripts
2020-06-29T12:32:32.226Z - normal: Generating main.js from /Applications/CocosCreator.app/Contents/Resources/static/build-templates/shares/main.js
2020-06-29T12:32:32.232Z - normal: Generating html from /Applications/CocosCreator.app/Contents/Resources/static/build-templates/web-desktop/template/index.html
2020-06-29T12:32:32.250Z - normal: Built to "/Users/peichieh/Desktop/CS/SS/FinalProject/0629_3/lazy_office/build/web-desktop" successfully
2020-06-29T13:57:38.270Z - normal: Start building with options : {
  "actualPlatform": "web-desktop",
  "android": {
    "packageName": ""
  },
  "android-instant": {
    "REMOTE_SERVER_ROOT": "",
    "host": "",
    "packageName": "",
    "pathPattern": "",
    "recordPath": "",
    "scheme": "https",
    "skipRecord": false
  },
  "apiLevel": "",
  "appABIs": [],
  "appBundle": false,
  "buildPath": "/Users/peichieh/Desktop/CS/SS/FinalProject/0629_3/lazy_office/build",
  "debug": false,
  "dest": "/Users/peichieh/Desktop/CS/SS/FinalProject/0629_3/lazy_office/build/web-desktop",
  "embedWebDebugger": false,
  "encryptJs": true,
  "excludeScenes": [],
  "excludedModules": [],
  "fb-instant-games": {},
  "includeSDKBox": false,
  "inlineSpriteFrames": true,
  "inlineSpriteFrames_native": true,
  "ios": {
    "packageName": ""
  },
  "mac": {
    "packageName": ""
  },
  "md5Cache": false,
  "mergeStartScene": false,
  "optimizeHotUpdate": false,
  "orientation": {
    "landscapeLeft": true,
    "landscapeRight": true,
    "portrait": false,
    "upsideDown": false
  },
  "packageName": "",
  "platform": "web-desktop",
  "previewHeight": 640,
  "previewWidth": 960,
  "scenes": [
    "3228a50b-6818-40e8-abfd-86827ab0341a",
    "5f39afe4-4330-48e6-b693-28769afab8f4",
    "df3e48ad-7d11-43ba-9da2-469ec44d15f3",
    "f08f6659-ce0f-43fc-8f2b-aa70c2ca549a",
    "6129c04b-d2b4-4206-888d-e93633a75436",
    "e3279811-f88b-4c91-b939-6bae81f85c12",
    "a27a112a-b141-46e2-957c-18cfadb5ce17",
    "3c8476b5-7f2b-4af6-824f-b8a4db8d6e21"
  ],
  "sourceMaps": false,
  "startScene": "3228a50b-6818-40e8-abfd-86827ab0341a",
  "template": "link",
  "title": "final_project",
  "useDebugKeystore": true,
  "vsVersion": "auto",
  "webOrientation": "auto",
  "win32": {},
  "xxteaKey": "b03cf4f4-1e47-4b",
  "zipCompressJs": true,
  "project": "/Users/peichieh/Desktop/CS/SS/FinalProject/0629_3/lazy_office",
  "projectName": "final_project",
  "debugBuildWorker": false
}
2020-06-29T13:57:38.272Z - normal: Building /Users/peichieh/Desktop/CS/SS/FinalProject/0629_3/lazy_office
2020-06-29T13:57:38.272Z - normal: Destination /Users/peichieh/Desktop/CS/SS/FinalProject/0629_3/lazy_office/build/web-desktop
2020-06-29T13:57:38.274Z - normal: Delete /Users/peichieh/Desktop/CS/SS/FinalProject/0629_3/lazy_office/build/web-desktop/subpackages/**/*,/Users/peichieh/Desktop/CS/SS/FinalProject/0629_3/lazy_office/build/web-desktop/**/*
2020-06-29T13:57:46.994Z - normal: Start building assets
2020-06-29T13:57:46.994Z - normal: Start spawn build-worker
2020-06-29T13:57:48.577Z - normal: Finish spawn build-worker
2020-06-29T13:57:48.577Z - normal: Start init build-worker
2020-06-29T13:57:54.230Z - normal: Finish init build-worker
2020-06-29T13:57:54.230Z - normal: Start build-assets in worker
2020-06-29T13:57:55.687Z - warn: The referenced asset used in "db://assets/scene/working_origin.fire" is not found, it may have been deleted. Detailed information:
Node path: "Video/video"
Used in Component: "cc.VideoPlayer"
uuid: "269a48cb-58e7-4504-b56a-2bc3ce3c63fd"
2020-06-29T13:57:55.727Z - warn: The referenced asset used in "db://assets/scene/working_origin.fire" is not found, it may have been deleted. Detailed information:
Node path: "Video/work"
Used in Component: "cc.VideoPlayer"
uuid: "73fd684d-788e-439c-9454-136c1fd9c95c"
2020-06-29T13:57:58.836Z - normal: Finish build-assets in worker
2020-06-29T13:57:58.839Z - normal: Finish building assets
2020-06-29T13:57:58.896Z - normal: Start building plugin scripts
2020-06-29T13:58:19.347Z - normal: Finish building plugin scripts
2020-06-29T13:58:19.364Z - normal: Generating main.js from /Applications/CocosCreator.app/Contents/Resources/static/build-templates/shares/main.js
2020-06-29T13:58:19.371Z - normal: Generating html from /Applications/CocosCreator.app/Contents/Resources/static/build-templates/web-desktop/template/index.html
2020-06-29T13:58:19.394Z - normal: Built to "/Users/peichieh/Desktop/CS/SS/FinalProject/0629_3/lazy_office/build/web-desktop" successfully
2020-06-29T14:53:29.894Z - error: Reference "computer" of "boss<boss>" to external scene object "computer" can not be saved in prefab asset.
    at /Applications/CocosCreator.app/Contents/Resources/app.asar/editor/page/scene-utils/utils/prefab.js:1:3280
    at r (/Applications/CocosCreator.app/Contents/Resources/app.asar/editor/page/scene-utils/utils/prefab.js:1:2995)
    at /Applications/CocosCreator.app/Contents/Resources/app.asar/editor/page/scene-utils/utils/prefab.js:1:3044
    at /Applications/CocosCreator.app/Contents/Resources/app.asar/editor/page/scene-utils/utils/prefab.js:1:3065
    at f (/Applications/CocosCreator.app/Contents/Resources/app.asar/editor/page/scene-utils/utils/prefab.js:1:795)
    at Object.c.getDumpableNode (/Applications/CocosCreator.app/Contents/Resources/app.asar/editor/page/scene-utils/utils/prefab.js:1:2728)
    at Object.c.createAppliedPrefab (/Applications/CocosCreator.app/Contents/Resources/app.asar/editor/page/scene-utils/utils/prefab.js:1:3690)
    at Object.applyPrefab (/Applications/CocosCreator.app/Contents/Resources/app.asar/editor/page/scene-utils/index.js:1:5516)
    at HTMLElement.apply-prefab (/Applications/CocosCreator.app/Contents/Resources/app.asar/editor/builtin/scene/panel/messages/scene-operation.js:1:2732)
2020-06-29T14:53:29.895Z - error: Reference "gameMgr" of "boss<boss>" to external scene object "maingame_mgr" can not be saved in prefab asset.
    at /Applications/CocosCreator.app/Contents/Resources/app.asar/editor/page/scene-utils/utils/prefab.js:1:3280
    at r (/Applications/CocosCreator.app/Contents/Resources/app.asar/editor/page/scene-utils/utils/prefab.js:1:2995)
    at /Applications/CocosCreator.app/Contents/Resources/app.asar/editor/page/scene-utils/utils/prefab.js:1:3044
    at /Applications/CocosCreator.app/Contents/Resources/app.asar/editor/page/scene-utils/utils/prefab.js:1:3065
    at f (/Applications/CocosCreator.app/Contents/Resources/app.asar/editor/page/scene-utils/utils/prefab.js:1:795)
    at Object.c.getDumpableNode (/Applications/CocosCreator.app/Contents/Resources/app.asar/editor/page/scene-utils/utils/prefab.js:1:2728)
    at Object.c.createAppliedPrefab (/Applications/CocosCreator.app/Contents/Resources/app.asar/editor/page/scene-utils/utils/prefab.js:1:3690)
    at Object.applyPrefab (/Applications/CocosCreator.app/Contents/Resources/app.asar/editor/page/scene-utils/index.js:1:5516)
    at HTMLElement.apply-prefab (/Applications/CocosCreator.app/Contents/Resources/app.asar/editor/builtin/scene/panel/messages/scene-operation.js:1:2732)
2020-06-29T15:00:55.111Z - normal: Start building with options : {
  "actualPlatform": "web-desktop",
  "android": {
    "packageName": ""
  },
  "android-instant": {
    "REMOTE_SERVER_ROOT": "",
    "host": "",
    "packageName": "",
    "pathPattern": "",
    "recordPath": "",
    "scheme": "https",
    "skipRecord": false
  },
  "apiLevel": "",
  "appABIs": [],
  "appBundle": false,
  "buildPath": "/Users/peichieh/Desktop/CS/SS/FinalProject/0629_3/lazy_office/build",
  "debug": false,
  "dest": "/Users/peichieh/Desktop/CS/SS/FinalProject/0629_3/lazy_office/build/web-desktop",
  "embedWebDebugger": false,
  "encryptJs": true,
  "excludeScenes": [],
  "excludedModules": [],
  "fb-instant-games": {},
  "includeSDKBox": false,
  "inlineSpriteFrames": true,
  "inlineSpriteFrames_native": true,
  "ios": {
    "packageName": ""
  },
  "mac": {
    "packageName": ""
  },
  "md5Cache": false,
  "mergeStartScene": false,
  "optimizeHotUpdate": false,
  "orientation": {
    "landscapeLeft": true,
    "landscapeRight": true,
    "portrait": false,
    "upsideDown": false
  },
  "packageName": "",
  "platform": "web-desktop",
  "previewHeight": 640,
  "previewWidth": 960,
  "scenes": [
    "3228a50b-6818-40e8-abfd-86827ab0341a",
    "5f39afe4-4330-48e6-b693-28769afab8f4",
    "df3e48ad-7d11-43ba-9da2-469ec44d15f3",
    "f08f6659-ce0f-43fc-8f2b-aa70c2ca549a",
    "6129c04b-d2b4-4206-888d-e93633a75436",
    "e3279811-f88b-4c91-b939-6bae81f85c12",
    "a27a112a-b141-46e2-957c-18cfadb5ce17",
    "3c8476b5-7f2b-4af6-824f-b8a4db8d6e21"
  ],
  "sourceMaps": false,
  "startScene": "3228a50b-6818-40e8-abfd-86827ab0341a",
  "template": "link",
  "title": "final_project",
  "useDebugKeystore": true,
  "vsVersion": "auto",
  "webOrientation": "auto",
  "win32": {},
  "xxteaKey": "b03cf4f4-1e47-4b",
  "zipCompressJs": true,
  "project": "/Users/peichieh/Desktop/CS/SS/FinalProject/0629_3/lazy_office",
  "projectName": "final_project",
  "debugBuildWorker": false
}
2020-06-29T15:00:55.112Z - normal: Building /Users/peichieh/Desktop/CS/SS/FinalProject/0629_3/lazy_office
2020-06-29T15:00:55.112Z - normal: Destination /Users/peichieh/Desktop/CS/SS/FinalProject/0629_3/lazy_office/build/web-desktop
2020-06-29T15:00:55.114Z - normal: Delete /Users/peichieh/Desktop/CS/SS/FinalProject/0629_3/lazy_office/build/web-desktop/subpackages/**/*,/Users/peichieh/Desktop/CS/SS/FinalProject/0629_3/lazy_office/build/web-desktop/**/*
2020-06-29T15:00:58.066Z - normal: Start building assets
2020-06-29T15:00:58.066Z - normal: Start spawn build-worker
2020-06-29T15:00:59.026Z - normal: Finish spawn build-worker
2020-06-29T15:00:59.026Z - normal: Start init build-worker
2020-06-29T15:01:01.482Z - normal: Finish init build-worker
2020-06-29T15:01:01.483Z - normal: Start build-assets in worker
2020-06-29T15:01:02.556Z - warn: The referenced asset used in "db://assets/scene/working_origin.fire" is not found, it may have been deleted. Detailed information:
Node path: "Video/video"
Used in Component: "cc.VideoPlayer"
uuid: "269a48cb-58e7-4504-b56a-2bc3ce3c63fd"
2020-06-29T15:01:02.595Z - warn: The referenced asset used in "db://assets/scene/working_origin.fire" is not found, it may have been deleted. Detailed information:
Node path: "Video/work"
Used in Component: "cc.VideoPlayer"
uuid: "73fd684d-788e-439c-9454-136c1fd9c95c"
2020-06-29T15:01:04.351Z - normal: Finish build-assets in worker
2020-06-29T15:01:04.355Z - normal: Finish building assets
2020-06-29T15:01:04.391Z - normal: Start building plugin scripts
2020-06-29T15:01:14.552Z - normal: Finish building plugin scripts
2020-06-29T15:01:14.560Z - normal: Generating main.js from /Applications/CocosCreator.app/Contents/Resources/static/build-templates/shares/main.js
2020-06-29T15:01:14.567Z - normal: Generating html from /Applications/CocosCreator.app/Contents/Resources/static/build-templates/web-desktop/template/index.html
2020-06-29T15:01:14.585Z - normal: Built to "/Users/peichieh/Desktop/CS/SS/FinalProject/0629_3/lazy_office/build/web-desktop" successfully
